TN:
SF:components/ApiStatus.tsx
FN:10,ApiStatus
FN:16,(anonymous_1)
FN:29,(anonymous_2)
FN:35,(anonymous_3)
FN:38,(anonymous_4)
FN:51,(anonymous_5)
FN:64,(anonymous_6)
FNF:7
FNH:0
FNDA:0,ApiStatus
FNDA:0,(anonymous_1)
FNDA:0,(anonymous_2)
FNDA:0,(anonymous_3)
FNDA:0,(anonymous_4)
FNDA:0,(anonymous_5)
FNDA:0,(anonymous_6)
DA:11,0
DA:14,0
DA:16,0
DA:17,0
DA:18,0
DA:19,0
DA:20,0
DA:21,0
DA:24,0
DA:25,0
DA:29,0
DA:30,0
DA:33,0
DA:35,0
DA:38,0
DA:39,0
DA:41,0
DA:43,0
DA:45,0
DA:47,0
DA:51,0
DA:52,0
DA:54,0
DA:56,0
DA:58,0
DA:60,0
DA:64,0
DA:65,0
DA:67,0
DA:69,0
DA:71,0
DA:73,0
DA:77,0
LF:33
LH:0
BRDA:39,0,0,0
BRDA:39,0,1,0
BRDA:39,0,2,0
BRDA:39,0,3,0
BRDA:52,1,0,0
BRDA:52,1,1,0
BRDA:52,1,2,0
BRDA:52,1,3,0
BRDA:54,2,0,0
BRDA:54,2,1,0
BRDA:56,3,0,0
BRDA:56,3,1,0
BRDA:58,4,0,0
BRDA:58,4,1,0
BRDA:60,5,0,0
BRDA:60,5,1,0
BRDA:65,6,0,0
BRDA:65,6,1,0
BRDA:65,6,2,0
BRDA:65,6,3,0
BRDA:81,7,0,0
BRDA:81,7,1,0
BRDA:85,8,0,0
BRDA:85,8,1,0
BRF:24
BRH:0
end_of_record
TN:
SF:components/DevOnly.tsx
FN:10,DevOnly
FN:37,useDevOnly
FN:40,(anonymous_2)
FNF:3
FNH:0
FNDA:0,DevOnly
FNDA:0,useDevOnly
FNDA:0,(anonymous_2)
DA:12,0
DA:13,0
DA:33,0
DA:38,0
DA:40,0
DA:41,0
DA:42,0
DA:46,0
LF:8
LH:0
BRDA:12,0,0,0
BRDA:12,0,1,0
BRDA:14,1,0,0
BRDA:14,1,1,0
BRDA:41,2,0,0
BRDA:41,2,1,0
BRF:6
BRH:0
end_of_record
TN:
SF:components/ErrorBoundary.tsx
FN:16,(anonymous_0)
FN:21,(anonymous_1)
FN:25,(anonymous_2)
FN:29,(anonymous_3)
FN:44,(anonymous_4)
FNF:5
FNH:0
FNDA:0,(anonymous_0)
FNDA:0,(anonymous_1)
FNDA:0,(anonymous_2)
FNDA:0,(anonymous_3)
FNDA:0,(anonymous_4)
DA:17,0
DA:18,0
DA:22,0
DA:30,0
DA:31,0
DA:32,0
DA:35,0
DA:44,0
DA:54,0
LF:9
LH:0
BRDA:30,0,0,0
BRDA:30,0,1,0
BRDA:31,1,0,0
BRDA:31,1,1,0
BRDA:41,2,0,0
BRDA:41,2,1,0
BRF:6
BRH:0
end_of_record
TN:
SF:components/Footer.tsx
FN:9,Footer
FNF:1
FNH:0
FNDA:0,Footer
DA:11,0
DA:12,0
DA:14,0
LF:3
LH:0
BRDA:9,0,0,0
BRDA:12,1,0,0
BRDA:12,1,1,0
BRDA:12,1,2,0
BRDA:21,2,0,0
BRDA:21,2,1,0
BRDA:26,3,0,0
BRDA:26,3,1,0
BRF:8
BRH:0
end_of_record
TN:
SF:components/IntegrationStatus.tsx
FN:14,IntegrationStatus
FN:32,(anonymous_1)
FN:75,(anonymous_2)
FN:77,(anonymous_3)
FN:82,(anonymous_4)
FN:87,(anonymous_5)
FN:90,(anonymous_6)
FN:103,(anonymous_7)
FN:116,(anonymous_8)
FN:117,(anonymous_9)
FN:125,(anonymous_10)
FN:139,(anonymous_11)
FN:148,(anonymous_12)
FNF:13
FNH:0
FNDA:0,IntegrationStatus
FNDA:0,(anonymous_1)
FNDA:0,(anonymous_2)
FNDA:0,(anonymous_3)
FNDA:0,(anonymous_4)
FNDA:0,(anonymous_5)
FNDA:0,(anonymous_6)
FNDA:0,(anonymous_7)
FNDA:0,(anonymous_8)
FNDA:0,(anonymous_9)
FNDA:0,(anonymous_10)
FNDA:0,(anonymous_11)
FNDA:0,(anonymous_12)
DA:15,0
DA:30,0
DA:32,0
DA:35,0
DA:37,0
DA:38,0
DA:40,0
DA:44,0
DA:50,0
DA:52,0
DA:53,0
DA:61,0
DA:68,0
DA:75,0
DA:76,0
DA:77,0
DA:79,0
DA:82,0
DA:83,0
DA:86,0
DA:87,0
DA:90,0
DA:91,0
DA:93,0
DA:95,0
DA:97,0
DA:99,0
DA:103,0
DA:104,0
DA:106,0
DA:108,0
DA:110,0
DA:112,0
DA:116,0
DA:117,0
DA:119,0
DA:125,0
DA:139,0
DA:149,0
LF:39
LH:0
BRDA:38,0,0,0
BRDA:38,0,1,0
BRDA:50,1,0,0
BRDA:50,1,1,0
BRDA:91,2,0,0
BRDA:91,2,1,0
BRDA:91,2,2,0
BRDA:91,2,3,0
BRDA:104,3,0,0
BRDA:104,3,1,0
BRDA:104,3,2,0
BRDA:104,3,3,0
BRDA:131,4,0,0
BRDA:131,4,1,0
BRDA:131,5,0,0
BRDA:131,5,1,0
BRDA:135,6,0,0
BRDA:135,6,1,0
BRDA:135,7,0,0
BRDA:135,7,1,0
BRDA:146,8,0,0
BRDA:146,8,1,0
BRDA:157,9,0,0
BRDA:157,9,1,0
BRF:24
BRH:0
end_of_record
TN:
SF:components/LanguageSwitcher.tsx
FN:6,LanguageSwitcher
FN:10,(anonymous_1)
FN:14,(anonymous_2)
FN:16,(anonymous_3)
FN:50,(anonymous_4)
FN:61,(anonymous_5)
FNF:6
FNH:0
FNDA:0,LanguageSwitcher
FNDA:0,(anonymous_1)
FNDA:0,(anonymous_2)
FNDA:0,(anonymous_3)
FNDA:0,(anonymous_4)
FNDA:0,(anonymous_5)
DA:7,0
DA:8,0
DA:10,0
DA:12,0
DA:14,0
DA:16,0
DA:18,0
DA:19,0
DA:22,0
DA:50,0
DA:61,0
LF:11
LH:0
BRDA:46,0,0,0
BRDA:46,0,1,0
BRDA:52,1,0,0
BRDA:52,1,1,0
BRDA:63,2,0,0
BRDA:63,2,1,0
BRDA:76,3,0,0
BRDA:76,3,1,0
BRF:8
BRH:0
end_of_record
TN:
SF:components/ParticleButton.tsx
FN:23,ParticleButton
FN:34,(anonymous_1)
FN:65,(anonymous_2)
FN:109,(anonymous_3)
FN:121,(anonymous_4)
FN:186,(anonymous_5)
FN:187,(anonymous_6)
FNF:7
FNH:0
FNDA:0,ParticleButton
FNDA:0,(anonymous_1)
FNDA:0,(anonymous_2)
FNDA:0,(anonymous_3)
FNDA:0,(anonymous_4)
FNDA:0,(anonymous_5)
FNDA:0,(anonymous_6)
DA:29,0
DA:30,0
DA:31,0
DA:32,0
DA:34,0
DA:35,0
DA:36,0
DA:38,0
DA:39,0
DA:40,0
DA:41,0
DA:43,0
DA:55,0
DA:65,0
DA:69,0
DA:71,0
DA:73,0
DA:77,0
DA:80,0
DA:81,0
DA:83,0
DA:86,0
DA:87,0
DA:88,0
DA:89,0
DA:92,0
DA:93,0
DA:94,0
DA:95,0
DA:96,0
DA:97,0
DA:98,0
DA:99,0
DA:102,0
DA:103,0
DA:108,0
DA:109,0
DA:110,0
DA:113,0
DA:115,0
DA:116,0
DA:121,0
DA:122,0
DA:123,0
DA:126,0
DA:127,0
DA:129,0
DA:130,0
DA:134,0
DA:137,0
DA:138,0
DA:139,0
DA:140,0
DA:141,0
DA:142,0
DA:143,0
DA:147,0
DA:148,0
DA:152,0
DA:153,0
DA:156,0
DA:157,0
DA:158,0
DA:159,0
DA:160,0
DA:161,0
DA:162,0
DA:163,0
DA:164,0
DA:165,0
DA:168,0
DA:170,0
DA:173,0
DA:174,0
DA:176,0
DA:179,0
DA:183,0
DA:186,0
DA:187,0
DA:188,0
DA:189,0
DA:194,0
LF:82
LH:0
BRDA:26,0,0,0
BRDA:27,1,0,0
BRDA:50,2,0,0
BRDA:50,2,1,0
BRDA:71,3,0,0
BRDA:71,3,1,0
BRDA:83,4,0,0
BRDA:83,4,1,0
BRDA:102,5,0,0
BRDA:102,5,1,0
BRDA:108,6,0,0
BRDA:108,6,1,0
BRDA:115,7,0,0
BRDA:115,7,1,0
BRDA:122,8,0,0
BRDA:122,8,1,0
BRDA:122,9,0,0
BRDA:122,9,1,0
BRDA:129,10,0,0
BRDA:129,10,1,0
BRDA:129,11,0,0
BRDA:129,11,1,0
BRDA:174,12,0,0
BRDA:174,12,1,0
BRDA:188,13,0,0
BRDA:188,13,1,0
BRDA:212,14,0,0
BRDA:212,14,1,0
BRDA:213,15,0,0
BRDA:213,15,1,0
BRF:30
BRH:0
end_of_record
TN:
SF:components/SimpleParticleButton.tsx
FN:12,SimpleParticleButton
FN:20,(anonymous_1)
FN:29,(anonymous_2)
FNF:3
FNH:0
FNDA:0,SimpleParticleButton
FNDA:0,(anonymous_1)
FNDA:0,(anonymous_2)
DA:18,0
DA:20,0
DA:21,0
DA:22,0
DA:25,0
DA:26,0
DA:29,0
DA:30,0
DA:34,0
LF:9
LH:0
BRDA:15,0,0,0
BRDA:16,1,0,0
BRDA:21,2,0,0
BRDA:21,2,1,0
BRDA:21,3,0,0
BRDA:21,3,1,0
BRDA:36,4,0,0
BRDA:36,4,1,0
BRDA:45,5,0,0
BRDA:45,5,1,0
BRDA:46,6,0,0
BRDA:46,6,1,0
BRF:12
BRH:0
end_of_record
TN:
SF:components/StarField.tsx
FN:3,StarField
FNF:1
FNH:0
FNDA:0,StarField
DA:4,0
LF:1
LH:0
BRF:0
BRH:0
end_of_record
TN:
SF:components/TranslationControls.tsx
FN:16,TranslationControls
FN:24,(anonymous_1)
FN:25,(anonymous_2)
FN:28,(anonymous_3)
FN:29,(anonymous_4)
FN:32,(anonymous_5)
FN:36,(anonymous_6)
FN:105,TranslateButton
FN:113,(anonymous_8)
FN:139,(anonymous_9)
FN:143,(anonymous_10)
FN:178,SmartInput
FN:186,(anonymous_12)
FN:217,(anonymous_13)
FN:250,SmartTextarea
FN:259,(anonymous_15)
FN:289,(anonymous_16)
FNF:17
FNH:0
FNDA:0,TranslationControls
FNDA:0,(anonymous_1)
FNDA:0,(anonymous_2)
FNDA:0,(anonymous_3)
FNDA:0,(anonymous_4)
FNDA:0,(anonymous_5)
FNDA:0,(anonymous_6)
FNDA:0,TranslateButton
FNDA:0,(anonymous_8)
FNDA:0,(anonymous_9)
FNDA:0,(anonymous_10)
FNDA:0,SmartInput
FNDA:0,(anonymous_12)
FNDA:0,(anonymous_13)
FNDA:0,SmartTextarea
FNDA:0,(anonymous_15)
FNDA:0,(anonymous_16)
DA:20,0
DA:21,0
DA:22,0
DA:24,0
DA:25,0
DA:28,0
DA:29,0
DA:32,0
DA:33,0
DA:36,0
DA:37,0
DA:40,0
DA:41,0
DA:44,0
DA:110,0
DA:111,0
DA:113,0
DA:114,0
DA:115,0
DA:118,0
DA:119,0
DA:121,0
DA:127,0
DA:131,0
DA:135,0
DA:139,0
DA:140,0
DA:143,0
DA:144,0
DA:147,0
DA:184,0
DA:186,0
DA:187,0
DA:188,0
DA:191,0
DA:192,0
DA:194,0
DA:195,0
DA:200,0
DA:204,0
DA:208,0
DA:212,0
DA:217,0
DA:257,0
DA:259,0
DA:260,0
DA:261,0
DA:264,0
DA:265,0
DA:267,0
DA:268,0
DA:273,0
DA:277,0
DA:281,0
DA:285,0
DA:289,0
LF:56
LH:0
BRDA:18,0,0,0
BRDA:33,1,0,0
BRDA:33,1,1,0
BRDA:37,2,0,0
BRDA:37,2,1,0
BRDA:40,3,0,0
BRDA:40,3,1,0
BRDA:71,4,0,0
BRDA:71,4,1,0
BRDA:82,5,0,0
BRDA:82,5,1,0
BRDA:87,6,0,0
BRDA:87,6,1,0
BRDA:114,7,0,0
BRDA:114,7,1,0
BRDA:127,8,0,0
BRDA:127,8,1,0
BRDA:140,9,0,0
BRDA:140,9,1,0
BRDA:144,10,0,0
BRDA:144,10,1,0
BRDA:150,11,0,0
BRDA:150,11,1,0
BRDA:156,12,0,0
BRDA:156,12,1,0
BRDA:187,13,0,0
BRDA:187,13,1,0
BRDA:195,14,0,0
BRDA:195,14,1,0
BRDA:200,15,0,0
BRDA:200,15,1,0
BRDA:224,16,0,0
BRDA:224,16,1,0
BRDA:230,17,0,0
BRDA:230,17,1,0
BRDA:254,18,0,0
BRDA:260,19,0,0
BRDA:260,19,1,0
BRDA:268,20,0,0
BRDA:268,20,1,0
BRDA:273,21,0,0
BRDA:273,21,1,0
BRDA:297,22,0,0
BRDA:297,22,1,0
BRDA:303,23,0,0
BRDA:303,23,1,0
BRF:46
BRH:0
end_of_record
TN:
SF:components/TranslationProvider.tsx
FN:34,TranslationProvider
FN:43,(anonymous_1)
FN:51,(anonymous_2)
FN:54,(anonymous_3)
FN:77,(anonymous_4)
FN:124,(anonymous_5)
FN:137,(anonymous_6)
FN:147,(anonymous_7)
FN:212,(anonymous_8)
FN:232,(anonymous_9)
FN:254,(anonymous_10)
FN:273,(anonymous_11)
FN:293,(anonymous_12)
FN:314,(anonymous_13)
FN:320,(anonymous_14)
FN:343,(anonymous_15)
FN:349,(anonymous_16)
FN:364,(anonymous_17)
FN:388,(anonymous_18)
FN:401,(anonymous_19)
FN:425,useTranslation
FNF:21
FNH:0
FNDA:0,TranslationProvider
FNDA:0,(anonymous_1)
FNDA:0,(anonymous_2)
FNDA:0,(anonymous_3)
FNDA:0,(anonymous_4)
FNDA:0,(anonymous_5)
FNDA:0,(anonymous_6)
FNDA:0,(anonymous_7)
FNDA:0,(anonymous_8)
FNDA:0,(anonymous_9)
FNDA:0,(anonymous_10)
FNDA:0,(anonymous_11)
FNDA:0,(anonymous_12)
FNDA:0,(anonymous_13)
FNDA:0,(anonymous_14)
FNDA:0,(anonymous_15)
FNDA:0,(anonymous_16)
FNDA:0,(anonymous_17)
FNDA:0,(anonymous_18)
FNDA:0,(anonymous_19)
FNDA:0,useTranslation
DA:30,0
DA:35,0
DA:36,0
DA:37,0
DA:40,0
DA:43,0
DA:44,0
DA:45,0
DA:47,0
DA:51,0
DA:52,0
DA:53,0
DA:55,0
DA:56,0
DA:60,0
DA:62,0
DA:69,0
DA:70,0
DA:73,0
DA:77,0
DA:79,0
DA:99,0
DA:100,0
DA:104,0
DA:105,0
DA:107,0
DA:112,0
DA:113,0
DA:115,0
DA:116,0
DA:120,0
DA:124,0
DA:125,0
DA:126,0
DA:127,0
DA:128,0
DA:129,0
DA:137,0
DA:138,0
DA:139,0
DA:140,0
DA:147,0
DA:151,0
DA:152,0
DA:155,0
DA:156,0
DA:159,0
DA:160,0
DA:164,0
DA:167,0
DA:169,0
DA:171,0
DA:186,0
DA:187,0
DA:188,0
DA:191,0
DA:192,0
DA:193,0
DA:194,0
DA:197,0
DA:201,0
DA:205,0
DA:207,0
DA:212,0
DA:216,0
DA:219,0
DA:220,0
DA:222,0
DA:228,0
DA:232,0
DA:233,0
DA:235,0
DA:236,0
DA:237,0
DA:238,0
DA:242,0
DA:245,0
DA:250,0
DA:254,0
DA:257,0
DA:258,0
DA:261,0
DA:263,0
DA:264,0
DA:265,0
DA:270,0
DA:271,0
DA:273,0
DA:274,0
DA:275,0
DA:276,0
DA:282,0
DA:284,0
DA:285,0
DA:287,0
DA:291,0
DA:292,0
DA:293,0
DA:295,0
DA:310,0
DA:311,0
DA:312,0
DA:314,0
DA:315,0
DA:319,0
DA:320,0
DA:321,0
DA:322,0
DA:323,0
DA:324,0
DA:325,0
DA:333,0
DA:339,0
DA:340,0
DA:341,0
DA:343,0
DA:344,0
DA:345,0
DA:346,0
DA:348,0
DA:349,0
DA:350,0
DA:351,0
DA:360,0
DA:363,0
DA:364,0
DA:370,0
DA:371,0
DA:378,0
DA:379,0
DA:380,0
DA:383,0
DA:388,0
DA:393,0
DA:394,0
DA:395,0
DA:396,0
DA:397,0
DA:401,0
DA:402,0
DA:403,0
DA:407,0
DA:418,0
DA:426,0
DA:427,0
DA:428,0
DA:430,0
LF:147
LH:0
BRDA:44,0,0,0
BRDA:44,0,1,0
BRDA:45,1,0,0
BRDA:45,1,1,0
BRDA:47,2,0,0
BRDA:47,2,1,0
BRDA:56,3,0,0
BRDA:56,3,1,0
BRDA:57,4,0,0
BRDA:57,4,1,0
BRDA:57,4,2,0
BRDA:62,5,0,0
BRDA:62,5,1,0
BRDA:62,6,0,0
BRDA:62,6,1,0
BRDA:99,7,0,0
BRDA:99,7,1,0
BRDA:105,8,0,0
BRDA:105,8,1,0
BRDA:115,9,0,0
BRDA:115,9,1,0
BRDA:116,10,0,0
BRDA:116,10,1,0
BRDA:126,11,0,0
BRDA:126,11,1,0
BRDA:151,12,0,0
BRDA:151,12,1,0
BRDA:151,13,0,0
BRDA:151,13,1,0
BRDA:155,14,0,0
BRDA:155,14,1,0
BRDA:159,15,0,0
BRDA:159,15,1,0
BRDA:186,16,0,0
BRDA:186,16,1,0
BRDA:219,17,0,0
BRDA:219,17,1,0
BRDA:236,18,0,0
BRDA:236,18,1,0
BRDA:236,19,0,0
BRDA:236,19,1,0
BRDA:240,20,0,0
BRDA:240,20,1,0
BRDA:257,21,0,0
BRDA:257,21,1,0
BRDA:264,22,0,0
BRDA:264,22,1,0
BRDA:275,23,0,0
BRDA:275,23,1,0
BRDA:275,24,0,0
BRDA:275,24,1,0
BRDA:282,25,0,0
BRDA:282,25,1,0
BRDA:284,26,0,0
BRDA:284,26,1,0
BRDA:310,27,0,0
BRDA:310,27,1,0
BRDA:322,28,0,0
BRDA:322,28,1,0
BRDA:322,29,0,0
BRDA:322,29,1,0
BRDA:324,30,0,0
BRDA:324,30,1,0
BRDA:324,31,0,0
BRDA:324,31,1,0
BRDA:346,32,0,0
BRDA:346,32,1,0
BRDA:346,33,0,0
BRDA:346,33,1,0
BRDA:350,34,0,0
BRDA:350,34,1,0
BRDA:363,35,0,0
BRDA:363,35,1,0
BRDA:370,36,0,0
BRDA:370,36,1,0
BRDA:378,37,0,0
BRDA:378,37,1,0
BRDA:379,38,0,0
BRDA:379,38,1,0
BRDA:402,39,0,0
BRDA:402,39,1,0
BRDA:427,40,0,0
BRDA:427,40,1,0
BRF:83
BRH:0
end_of_record
TN:
SF:components/WishCard.tsx
FN:23,WishCard
FN:27,(anonymous_1)
FN:47,(anonymous_2)
FN:67,(anonymous_3)
FN:126,(anonymous_4)
FNF:5
FNH:0
FNDA:0,WishCard
FNDA:0,(anonymous_1)
FNDA:0,(anonymous_2)
FNDA:0,(anonymous_3)
FNDA:0,(anonymous_4)
DA:24,0
DA:27,0
DA:28,0
DA:30,0
DA:32,0
DA:34,0
DA:36,0
DA:38,0
DA:40,0
DA:42,0
DA:47,0
DA:48,0
DA:50,0
DA:52,0
DA:54,0
DA:56,0
DA:58,0
DA:60,0
DA:62,0
DA:67,0
DA:68,0
DA:69,0
DA:72,0
DA:127,0
LF:24
LH:0
BRDA:28,0,0,0
BRDA:28,0,1,0
BRDA:28,0,2,0
BRDA:28,0,3,0
BRDA:28,0,4,0
BRDA:28,0,5,0
BRDA:28,0,6,0
BRDA:48,1,0,0
BRDA:48,1,1,0
BRDA:48,1,2,0
BRDA:48,1,3,0
BRDA:48,1,4,0
BRDA:48,1,5,0
BRDA:48,1,6,0
BRDA:68,2,0,0
BRDA:68,2,1,0
BRDA:124,3,0,0
BRDA:124,3,1,0
BRF:18
BRH:0
end_of_record
TN:
SF:components/features/WishList.tsx
FN:87,(anonymous_0)
FN:104,(anonymous_1)
FN:105,(anonymous_2)
FN:111,(anonymous_3)
FN:117,(anonymous_4)
FN:157,(anonymous_5)
FN:167,(anonymous_6)
FN:182,(anonymous_7)
FN:195,(anonymous_8)
FN:207,(anonymous_9)
FN:223,(anonymous_10)
FN:234,(anonymous_11)
FN:242,(anonymous_12)
FN:258,(anonymous_13)
FN:276,(anonymous_14)
FN:277,(anonymous_15)
FN:283,(anonymous_16)
FN:290,(anonymous_17)
FNF:18
FNH:0
FNDA:0,(anonymous_0)
FNDA:0,(anonymous_1)
FNDA:0,(anonymous_2)
FNDA:0,(anonymous_3)
FNDA:0,(anonymous_4)
FNDA:0,(anonymous_5)
FNDA:0,(anonymous_6)
FNDA:0,(anonymous_7)
FNDA:0,(anonymous_8)
FNDA:0,(anonymous_9)
FNDA:0,(anonymous_10)
FNDA:0,(anonymous_11)
FNDA:0,(anonymous_12)
FNDA:0,(anonymous_13)
FNDA:0,(anonymous_14)
FNDA:0,(anonymous_15)
FNDA:0,(anonymous_16)
FNDA:0,(anonymous_17)
DA:40,0
DA:49,0
DA:57,0
DA:65,0
DA:73,0
DA:80,0
DA:87,0
DA:95,0
DA:96,0
DA:97,0
DA:98,0
DA:99,0
DA:100,0
DA:101,0
DA:104,0
DA:105,0
DA:106,0
DA:107,0
DA:108,0
DA:111,0
DA:113,0
DA:117,0
DA:118,0
DA:119,0
DA:121,0
DA:122,0
DA:127,0
DA:128,0
DA:133,0
DA:136,0
DA:140,0
DA:141,0
DA:142,0
DA:143,0
DA:144,0
DA:147,0
DA:157,0
DA:158,0
DA:159,0
DA:161,0
DA:162,0
DA:167,0
DA:168,0
DA:171,0
DA:182,0
DA:195,0
DA:207,0
DA:223,0
DA:234,0
DA:243,0
DA:259,0
DA:276,0
DA:277,0
DA:283,0
DA:290,0
LF:55
LH:0
BRDA:106,0,0,0
BRDA:106,0,1,0
BRDA:107,1,0,0
BRDA:107,1,1,0
BRDA:108,2,0,0
BRDA:108,2,1,0
BRDA:108,2,2,0
BRDA:108,2,3,0
BRDA:113,3,0,0
BRDA:113,3,1,0
BRDA:113,3,2,0
BRDA:121,4,0,0
BRDA:121,4,1,0
BRDA:121,5,0,0
BRDA:121,5,1,0
BRDA:122,6,0,0
BRDA:122,6,1,0
BRDA:127,7,0,0
BRDA:127,7,1,0
BRDA:127,8,0,0
BRDA:127,8,1,0
BRDA:128,9,0,0
BRDA:128,9,1,0
BRDA:158,10,0,0
BRDA:158,10,1,0
BRDA:159,11,0,0
BRDA:159,11,1,0
BRDA:191,12,0,0
BRDA:191,12,1,0
BRDA:203,13,0,0
BRDA:203,13,1,0
BRDA:222,14,0,0
BRDA:222,14,1,0
BRDA:233,15,0,0
BRDA:233,15,1,0
BRDA:303,16,0,0
BRDA:303,16,1,0
BRF:37
BRH:0
end_of_record
TN:
SF:components/ui/badge.tsx
FN:10,(anonymous_0)
FNF:1
FNH:0
FNDA:0,(anonymous_0)
DA:10,0
DA:18,0
DA:20,0
DA:30,0
DA:36,0
DA:44,0
LF:6
LH:0
BRDA:11,0,0,0
BRDA:12,1,0,0
BRDA:13,2,0,0
BRDA:40,3,0,0
BRDA:40,3,1,0
BRF:5
BRH:0
end_of_record
TN:
SF:components/ui/button.tsx
FN:19,(anonymous_0)
FN:39,(anonymous_1)
FNF:2
FNH:2
FNDA:11,(anonymous_0)
FNDA:1,(anonymous_1)
DA:5,1
DA:13,1
DA:19,1
DA:30,11
DA:32,11
DA:39,11
DA:40,1
DA:41,1
DA:45,11
LF:9
LH:9
BRDA:20,0,0,7
BRDA:21,1,0,10
BRDA:22,2,0,10
BRDA:23,3,0,9
BRDA:40,4,0,1
BRDA:40,4,1,0
BRDA:40,5,0,1
BRDA:40,5,1,1
BRDA:40,5,2,1
BRDA:48,6,0,11
BRDA:48,6,1,10
BRDA:52,7,0,11
BRDA:52,7,1,2
BRF:13
BRH:12
end_of_record
TN:
SF:components/ui/card.tsx
FN:52,(anonymous_0)
FN:75,(anonymous_1)
FN:100,(anonymous_2)
FN:115,(anonymous_3)
FNF:4
FNH:0
FNDA:0,(anonymous_0)
FNDA:0,(anonymous_1)
FNDA:0,(anonymous_2)
FNDA:0,(anonymous_3)
DA:25,0
DA:31,0
DA:38,0
DA:45,0
DA:52,0
DA:60,0
DA:68,0
DA:75,0
DA:83,0
DA:100,0
DA:106,0
DA:108,0
DA:115,0
DA:121,0
DA:123,0
DA:131,0
DA:132,0
DA:133,0
LF:18
LH:0
BRDA:53,0,0,0
BRDA:54,1,0,0
BRDA:55,2,0,0
BRDA:64,3,0,0
BRDA:64,3,1,0
BRDA:89,4,0,0
BRDA:89,4,1,0
BRDA:92,5,0,0
BRDA:92,5,1,0
BRDA:95,6,0,0
BRDA:95,6,1,0
BRDA:101,7,0,0
BRDA:116,8,0,0
BRF:13
BRH:0
end_of_record
TN:
SF:components/ui/checkbox.tsx
FN:14,(anonymous_0)
FN:45,(anonymous_1)
FNF:2
FNH:0
FNDA:0,(anonymous_0)
FNDA:0,(anonymous_1)
DA:13,0
DA:28,0
DA:34,0
DA:41,0
DA:43,0
DA:45,0
DA:46,0
DA:49,0
DA:80,0
LF:9
LH:0
BRDA:21,0,0,0
BRDA:63,1,0,0
BRDA:63,1,1,0
BRDA:68,2,0,0
BRDA:68,2,1,0
BRDA:68,2,2,0
BRDA:71,3,0,0
BRDA:71,3,1,0
BRF:8
BRH:0
end_of_record
TN:
SF:components/ui/dropdown.tsx
FN:30,(anonymous_0)
FN:51,(anonymous_1)
FN:58,(anonymous_2)
FN:59,(anonymous_3)
FN:72,(anonymous_4)
FN:76,(anonymous_5)
FN:86,(anonymous_6)
FN:104,(anonymous_7)
FN:118,(anonymous_8)
FN:138,(anonymous_9)
FN:165,(anonymous_10)
FN:177,(anonymous_11)
FN:183,(anonymous_12)
FN:222,(anonymous_13)
FN:238,(anonymous_14)
FNF:15
FNH:11
FNDA:52,(anonymous_0)
FNDA:48,(anonymous_1)
FNDA:20,(anonymous_2)
FNDA:0,(anonymous_3)
FNDA:20,(anonymous_4)
FNDA:3,(anonymous_5)
FNDA:18,(anonymous_6)
FNDA:18,(anonymous_7)
FNDA:18,(anonymous_8)
FNDA:18,(anonymous_9)
FNDA:0,(anonymous_10)
FNDA:82,(anonymous_11)
FNDA:3,(anonymous_12)
FNDA:0,(anonymous_13)
FNDA:0,(anonymous_14)
DA:30,1
DA:43,52
DA:44,52
DA:45,52
DA:46,52
DA:47,52
DA:50,52
DA:52,48
DA:58,40
DA:59,20
DA:60,0
DA:66,0
DA:67,0
DA:71,20
DA:72,20
DA:76,40
DA:77,3
DA:79,2
DA:80,2
DA:81,2
DA:82,2
DA:86,40
DA:87,18
DA:89,18
DA:91,1
DA:93,17
DA:95,0
DA:97,0
DA:99,0
DA:104,40
DA:105,18
DA:107,18
DA:109,0
DA:111,0
DA:113,0
DA:118,40
DA:119,18
DA:121,0
DA:123,0
DA:125,0
DA:127,0
DA:129,18
DA:133,40
DA:138,18
DA:165,0
DA:178,82
DA:183,3
DA:222,1
DA:229,0
DA:231,0
DA:238,0
LF:51
LH:34
BRDA:35,0,0,50
BRDA:36,1,0,52
BRDA:37,2,0,50
BRDA:38,3,0,52
BRDA:39,4,0,40
BRDA:40,5,0,52
BRDA:41,6,0,52
BRDA:50,7,0,12
BRDA:50,7,1,40
BRDA:52,8,0,48
BRDA:52,8,1,48
BRDA:60,9,0,0
BRDA:60,9,1,0
BRDA:61,10,0,0
BRDA:61,10,1,0
BRDA:61,10,2,0
BRDA:61,10,3,0
BRDA:77,11,0,1
BRDA:77,11,1,2
BRDA:77,12,0,3
BRDA:77,12,1,2
BRDA:89,13,0,1
BRDA:89,13,1,17
BRDA:89,13,2,0
BRDA:89,13,3,0
BRDA:89,13,4,0
BRDA:105,14,0,18
BRDA:105,14,1,0
BRDA:105,14,2,0
BRDA:105,14,3,0
BRDA:119,15,0,0
BRDA:119,15,1,0
BRDA:119,15,2,0
BRDA:119,15,3,0
BRDA:119,15,4,18
BRDA:138,16,0,18
BRDA:138,16,1,18
BRDA:141,17,0,40
BRDA:141,17,1,0
BRDA:148,18,0,40
BRDA:148,18,1,18
BRDA:159,19,0,18
BRDA:159,19,1,0
BRDA:178,20,0,82
BRDA:178,20,1,16
BRDA:179,21,0,0
BRDA:179,21,1,82
BRDA:186,22,0,16
BRDA:186,22,1,66
BRDA:189,23,0,82
BRDA:189,23,1,16
BRDA:192,24,0,82
BRDA:192,24,1,16
BRDA:203,25,0,18
BRDA:203,25,1,0
BRDA:203,25,2,0
BRDA:224,26,0,0
BRDA:225,27,0,0
BRDA:246,28,0,0
BRDA:246,28,1,0
BRF:60
BRH:35
end_of_record
TN:
SF:components/ui/form.tsx
FN:16,(anonymous_0)
FN:31,(anonymous_1)
FN:43,(anonymous_2)
FN:44,(anonymous_3)
FN:51,(anonymous_4)
FN:52,(anonymous_5)
FN:55,(anonymous_6)
FN:56,(anonymous_7)
FN:63,(anonymous_8)
FN:66,(anonymous_9)
FN:116,(anonymous_10)
FN:148,(anonymous_11)
FN:153,(anonymous_12)
FN:157,(anonymous_13)
FN:163,(anonymous_14)
FN:173,(anonymous_15)
FN:177,(anonymous_16)
FN:189,(anonymous_17)
FN:196,(anonymous_18)
FN:203,(anonymous_19)
FN:216,(anonymous_20)
FNF:21
FNH:0
FNDA:0,(anonymous_0)
FNDA:0,(anonymous_1)
FNDA:0,(anonymous_2)
FNDA:0,(anonymous_3)
FNDA:0,(anonymous_4)
FNDA:0,(anonymous_5)
FNDA:0,(anonymous_6)
FNDA:0,(anonymous_7)
FNDA:0,(anonymous_8)
FNDA:0,(anonymous_9)
FNDA:0,(anonymous_10)
FNDA:0,(anonymous_11)
FNDA:0,(anonymous_12)
FNDA:0,(anonymous_13)
FNDA:0,(anonymous_14)
FNDA:0,(anonymous_15)
FNDA:0,(anonymous_16)
FNDA:0,(anonymous_17)
FNDA:0,(anonymous_18)
FNDA:0,(anonymous_19)
FNDA:0,(anonymous_20)
DA:14,0
DA:16,0
DA:17,0
DA:18,0
DA:19,0
DA:21,0
DA:31,0
DA:40,0
DA:41,0
DA:43,0
DA:44,0
DA:46,0
DA:47,0
DA:51,0
DA:52,0
DA:55,0
DA:56,0
DA:57,0
DA:58,0
DA:59,0
DA:63,0
DA:64,0
DA:66,0
DA:67,0
DA:70,0
DA:71,0
DA:72,0
DA:76,0
DA:77,0
DA:78,0
DA:79,0
DA:81,0
DA:82,0
DA:83,0
DA:88,0
DA:89,0
DA:90,0
DA:91,0
DA:92,0
DA:97,0
DA:98,0
DA:99,0
DA:100,0
DA:101,0
DA:106,0
DA:108,0
DA:109,0
DA:110,0
DA:113,0
DA:116,0
DA:117,0
DA:119,0
DA:120,0
DA:124,0
DA:133,0
DA:148,0
DA:149,0
DA:150,0
DA:151,0
DA:153,0
DA:154,0
DA:157,0
DA:158,0
DA:160,0
DA:163,0
DA:170,0
DA:173,0
DA:178,0
DA:185,0
DA:189,0
DA:194,0
DA:197,0
DA:203,0
DA:212,0
DA:216,0
DA:224,0
LF:76
LH:0
BRDA:18,0,0,0
BRDA:18,0,1,0
BRDA:33,1,0,0
BRDA:46,2,0,0
BRDA:46,2,1,0
BRDA:70,3,0,0
BRDA:70,3,1,0
BRDA:70,4,0,0
BRDA:70,4,1,0
BRDA:70,4,2,0
BRDA:70,4,3,0
BRDA:76,5,0,0
BRDA:76,5,1,0
BRDA:77,6,0,0
BRDA:77,6,1,0
BRDA:77,7,0,0
BRDA:77,7,1,0
BRDA:81,8,0,0
BRDA:81,8,1,0
BRDA:81,9,0,0
BRDA:81,9,1,0
BRDA:88,10,0,0
BRDA:88,10,1,0
BRDA:88,11,0,0
BRDA:88,11,1,0
BRDA:90,12,0,0
BRDA:90,12,1,0
BRDA:97,13,0,0
BRDA:97,13,1,0
BRDA:99,14,0,0
BRDA:99,14,1,0
BRDA:108,15,0,0
BRDA:108,15,1,0
BRDA:119,16,0,0
BRDA:119,16,1,0
BRDA:150,17,0,0
BRDA:150,17,1,0
BRDA:158,18,0,0
BRDA:158,18,1,0
BRDA:158,18,2,0
BRDA:158,18,3,0
BRDA:158,18,4,0
BRDA:228,19,0,0
BRDA:228,19,1,0
BRDA:231,20,0,0
BRDA:231,20,1,0
BRF:46
BRH:0
end_of_record
TN:
SF:components/ui/input.tsx
FN:6,(anonymous_0)
FN:24,(anonymous_1)
FNF:2
FNH:0
FNDA:0,(anonymous_0)
FNDA:0,(anonymous_1)
DA:5,0
DA:20,0
DA:22,0
DA:24,0
DA:25,0
DA:28,0
DA:44,0
LF:7
LH:0
BRDA:11,0,0,0
BRDA:12,1,0,0
BRDA:13,2,0,0
BRF:3
BRH:0
end_of_record
TN:
SF:components/ui/modal.tsx
FN:17,(anonymous_0)
FN:38,(anonymous_1)
FN:39,(anonymous_2)
FN:50,(anonymous_3)
FN:56,(anonymous_4)
FN:130,(anonymous_5)
FN:152,(anonymous_6)
FNF:7
FNH:0
FNDA:0,(anonymous_0)
FNDA:0,(anonymous_1)
FNDA:0,(anonymous_2)
FNDA:0,(anonymous_3)
FNDA:0,(anonymous_4)
FNDA:0,(anonymous_5)
FNDA:0,(anonymous_6)
DA:17,0
DA:28,0
DA:30,0
DA:38,0
DA:39,0
DA:40,0
DA:41,0
DA:45,0
DA:46,0
DA:47,0
DA:50,0
DA:51,0
DA:52,0
DA:56,0
DA:57,0
DA:58,0
DA:62,0
DA:64,0
DA:130,0
DA:136,0
DA:152,0
DA:157,0
DA:164,0
LF:23
LH:0
BRDA:22,0,0,0
BRDA:23,1,0,0
BRDA:24,2,0,0
BRDA:25,3,0,0
BRDA:40,4,0,0
BRDA:40,4,1,0
BRDA:40,5,0,0
BRDA:40,5,1,0
BRDA:45,6,0,0
BRDA:45,6,1,0
BRDA:57,7,0,0
BRDA:57,7,1,0
BRDA:57,8,0,0
BRDA:57,8,1,0
BRDA:62,9,0,0
BRDA:62,9,1,0
BRDA:83,10,0,0
BRDA:83,10,1,0
BRDA:83,10,2,0
BRDA:85,11,0,0
BRDA:85,11,1,0
BRDA:88,12,0,0
BRDA:88,12,1,0
BRDA:139,13,0,0
BRDA:139,13,1,0
BRDA:154,14,0,0
BRF:26
BRH:0
end_of_record
TN:
SF:components/ui/pagination.tsx
FN:36,(anonymous_0)
FN:59,(anonymous_1)
FN:72,(anonymous_2)
FN:129,(anonymous_3)
FN:132,(anonymous_4)
FN:147,(anonymous_5)
FN:155,(anonymous_6)
FN:161,(anonymous_7)
FN:172,(anonymous_8)
FNF:9
FNH:9
FNDA:155,(anonymous_0)
FNDA:21,(anonymous_1)
FNDA:21,(anonymous_2)
FNDA:1,(anonymous_3)
FNDA:12,(anonymous_4)
FNDA:1,(anonymous_5)
FNDA:132,(anonymous_6)
FNDA:1,(anonymous_7)
FNDA:1,(anonymous_8)
DA:36,1
DA:43,155
DA:59,1
DA:69,21
DA:72,21
DA:73,21
DA:74,21
DA:76,21
DA:78,3
DA:79,6
DA:83,18
DA:85,16
DA:86,80
DA:88,16
DA:89,16
DA:90,2
DA:92,1
DA:93,1
DA:94,1
DA:95,5
DA:99,1
DA:100,1
DA:101,1
DA:102,3
DA:104,1
DA:105,1
DA:109,21
DA:112,21
DA:114,21
DA:129,1
DA:133,12
DA:147,1
DA:156,132
DA:161,1
DA:172,1
LF:35
LH:35
BRDA:38,0,0,113
BRDA:39,1,0,42
BRDA:44,2,0,19
BRDA:44,2,1,136
BRDA:50,3,0,155
BRDA:50,3,1,19
BRDA:64,4,0,17
BRDA:65,5,0,20
BRDA:66,6,0,20
BRDA:67,7,0,20
BRDA:76,8,0,3
BRDA:76,8,1,18
BRDA:83,9,0,16
BRDA:83,9,1,2
BRDA:90,10,0,1
BRDA:90,10,1,1
BRDA:118,11,0,21
BRDA:118,11,1,20
BRDA:124,12,0,21
BRDA:124,12,1,20
BRDA:124,12,2,3
BRDA:157,13,0,19
BRDA:157,13,1,113
BRDA:181,14,0,21
BRDA:181,14,1,20
BRF:25
BRH:25
end_of_record
TN:
SF:components/ui/select.tsx
FN:24,(anonymous_0)
FN:58,(anonymous_1)
FN:84,(anonymous_2)
FNF:3
FNH:0
FNDA:0,(anonymous_0)
FNDA:0,(anonymous_1)
FNDA:0,(anonymous_2)
DA:23,0
DA:41,0
DA:44,0
DA:46,0
DA:52,0
DA:56,0
DA:58,0
DA:59,0
DA:62,0
DA:85,0
DA:105,0
LF:11
LH:0
BRDA:30,0,0,0
BRDA:31,1,0,0
BRDA:35,2,0,0
BRDA:52,3,0,0
BRDA:52,3,1,0
BRDA:64,4,0,0
BRDA:64,4,1,0
BRDA:67,5,0,0
BRDA:67,5,1,0
BRDA:79,6,0,0
BRDA:79,6,1,0
BRDA:94,7,0,0
BRDA:94,7,1,0
BRDA:97,8,0,0
BRDA:97,8,1,0
BRDA:97,8,2,0
BRF:16
BRH:0
end_of_record
TN:
SF:components/ui/table.tsx
FN:10,(anonymous_0)
FN:33,(anonymous_1)
FN:43,(anonymous_2)
FN:56,(anonymous_3)
FN:80,(anonymous_4)
FN:113,(anonymous_5)
FN:136,(anonymous_6)
FN:146,(anonymous_7)
FNF:8
FNH:8
FNDA:18,(anonymous_0)
FNDA:6,(anonymous_1)
FNDA:8,(anonymous_2)
FNDA:10,(anonymous_3)
FNDA:7,(anonymous_4)
FNDA:10,(anonymous_5)
FNDA:2,(anonymous_6)
FNDA:2,(anonymous_7)
DA:9,1
DA:11,18
DA:12,18
DA:18,18
DA:27,1
DA:32,1
DA:34,6
DA:37,1
DA:42,1
DA:44,8
DA:47,1
DA:55,1
DA:57,10
DA:58,10
DA:59,10
DA:61,10
DA:70,1
DA:79,1
DA:81,7
DA:82,7
DA:84,7
DA:105,1
DA:112,1
DA:114,10
DA:115,10
DA:121,10
DA:130,1
DA:135,1
DA:137,2
DA:140,1
DA:145,1
DA:147,2
DA:150,1
LF:33
LH:33
BRDA:10,0,0,17
BRDA:56,1,0,9
BRDA:56,2,0,9
BRDA:58,3,0,9
BRDA:58,3,1,1
BRDA:59,4,0,1
BRDA:59,4,1,9
BRDA:80,5,0,4
BRDA:82,6,0,3
BRDA:82,6,1,4
BRDA:88,7,0,3
BRDA:88,7,1,4
BRDA:93,8,0,7
BRDA:93,8,1,3
BRDA:95,9,0,3
BRDA:95,9,1,1
BRDA:96,10,0,3
BRDA:96,10,1,0
BRDA:97,11,0,3
BRDA:97,11,1,2
BRDA:113,12,0,8
BRF:21
BRH:20
end_of_record
TN:
SF:components/ui/tabs.tsx
FN:14,(anonymous_0)
FN:33,(anonymous_1)
FN:44,(anonymous_2)
FN:70,(anonymous_3)
FN:92,(anonymous_4)
FN:113,(anonymous_5)
FN:127,(anonymous_6)
FN:160,(anonymous_7)
FNF:8
FNH:8
FNDA:99,(anonymous_0)
FNDA:24,(anonymous_1)
FNDA:1,(anonymous_2)
FNDA:24,(anonymous_3)
FNDA:41,(anonymous_4)
FNDA:1,(anonymous_5)
FNDA:34,(anonymous_6)
FNDA:2,(anonymous_7)
DA:11,1
DA:14,1
DA:15,99
DA:16,99
DA:17,0
DA:19,99
DA:33,1
DA:41,24
DA:42,24
DA:44,24
DA:45,1
DA:46,0
DA:48,1
DA:51,24
DA:70,1
DA:71,24
DA:73,24
DA:92,1
DA:99,41
DA:100,41
DA:102,41
DA:113,1
DA:127,1
DA:133,34
DA:134,34
DA:136,34
DA:138,21
DA:160,1
DA:165,2
DA:176,1
DA:177,1
DA:178,1
LF:32
LH:30
BRDA:16,0,0,0
BRDA:16,0,1,99
BRDA:37,1,0,21
BRDA:41,2,0,24
BRDA:41,2,1,24
BRDA:42,3,0,24
BRDA:42,3,1,0
BRDA:45,4,0,0
BRDA:45,4,1,1
BRDA:56,5,0,3
BRDA:56,5,1,21
BRDA:77,6,0,24
BRDA:77,6,1,3
BRDA:94,7,0,39
BRDA:106,8,0,22
BRDA:106,8,1,19
BRDA:109,9,0,41
BRDA:109,9,1,6
BRDA:136,10,0,13
BRDA:136,10,1,21
BRDA:142,11,0,21
BRDA:142,11,1,3
BRDA:167,12,0,2
BRDA:167,12,1,0
BRF:24
BRH:20
end_of_record
TN:
SF:components/ui/textarea.tsx
FN:6,(anonymous_0)
FN:24,(anonymous_1)
FNF:2
FNH:0
FNDA:0,(anonymous_0)
FNDA:0,(anonymous_1)
DA:5,0
DA:20,0
DA:22,0
DA:24,0
DA:25,0
DA:28,0
DA:44,0
LF:7
LH:0
BRDA:11,0,0,0
BRDA:12,1,0,0
BRDA:13,2,0,0
BRF:3
BRH:0
end_of_record
TN:
SF:components/ui/toast.tsx
FN:38,(anonymous_0)
FN:46,(anonymous_1)
FN:49,(anonymous_2)
FN:57,(anonymous_3)
FN:61,(anonymous_4)
FN:62,(anonymous_5)
FN:62,(anonymous_6)
FN:65,(anonymous_7)
FN:77,(anonymous_8)
FN:80,(anonymous_9)
FN:82,(anonymous_10)
FN:83,(anonymous_11)
FN:86,(anonymous_12)
FN:88,(anonymous_13)
FN:90,(anonymous_14)
FN:92,(anonymous_15)
FN:96,(anonymous_16)
FN:98,(anonymous_17)
FN:201,(anonymous_18)
FN:226,(anonymous_19)
FNF:20
FNH:0
FNDA:0,(anonymous_0)
FNDA:0,(anonymous_1)
FNDA:0,(anonymous_2)
FNDA:0,(anonymous_3)
FNDA:0,(anonymous_4)
FNDA:0,(anonymous_5)
FNDA:0,(anonymous_6)
FNDA:0,(anonymous_7)
FNDA:0,(anonymous_8)
FNDA:0,(anonymous_9)
FNDA:0,(anonymous_10)
FNDA:0,(anonymous_11)
FNDA:0,(anonymous_12)
FNDA:0,(anonymous_13)
FNDA:0,(anonymous_14)
FNDA:0,(anonymous_15)
FNDA:0,(anonymous_16)
FNDA:0,(anonymous_17)
FNDA:0,(anonymous_18)
FNDA:0,(anonymous_19)
DA:36,0
DA:38,0
DA:39,0
DA:40,0
DA:41,0
DA:43,0
DA:46,0
DA:47,0
DA:49,0
DA:50,0
DA:51,0
DA:57,0
DA:58,0
DA:61,0
DA:62,0
DA:65,0
DA:66,0
DA:69,0
DA:77,0
DA:78,0
DA:80,0
DA:82,0
DA:83,0
DA:86,0
DA:87,0
DA:88,0
DA:89,0
DA:90,0
DA:92,0
DA:96,0
DA:97,0
DA:98,0
DA:101,0
DA:144,0
DA:146,0
DA:201,0
DA:207,0
DA:216,0
DA:218,0
DA:227,0
LF:40
LH:0
BRDA:40,0,0,0
BRDA:40,0,1,0
BRDA:54,1,0,0
BRDA:54,1,1,0
BRDA:87,2,0,0
BRDA:87,2,1,0
BRDA:87,3,0,0
BRDA:87,3,1,0
BRDA:152,4,0,0
BRDA:152,4,1,0
BRDA:167,5,0,0
BRDA:167,5,1,0
BRDA:184,6,0,0
BRDA:184,6,1,0
BRDA:204,7,0,0
BRDA:216,8,0,0
BRDA:216,8,1,0
BRF:17
BRH:0
end_of_record
TN:
SF:components/ui/tooltip.tsx
FN:13,(anonymous_0)
FN:27,(anonymous_1)
FN:28,(anonymous_2)
FN:35,(anonymous_3)
FN:38,(anonymous_4)
FN:71,(anonymous_5)
FNF:6
FNH:0
FNDA:0,(anonymous_0)
FNDA:0,(anonymous_1)
FNDA:0,(anonymous_2)
FNDA:0,(anonymous_3)
FNDA:0,(anonymous_4)
FNDA:0,(anonymous_5)
DA:13,0
DA:21,0
DA:22,0
DA:23,0
DA:24,0
DA:25,0
DA:27,0
DA:28,0
DA:29,0
DA:30,0
DA:35,0
DA:36,0
DA:38,0
DA:39,0
DA:40,0
DA:41,0
DA:43,0
DA:44,0
DA:46,0
DA:48,0
DA:49,0
DA:50,0
DA:52,0
DA:53,0
DA:54,0
DA:56,0
DA:57,0
DA:58,0
DA:60,0
DA:61,0
DA:62,0
DA:65,0
DA:66,0
DA:71,0
DA:72,0
DA:73,0
DA:75,0
DA:78,0
DA:85,0
DA:92,0
LF:40
LH:0
BRDA:16,0,0,0
BRDA:17,1,0,0
BRDA:19,2,0,0
BRDA:29,3,0,0
BRDA:29,3,1,0
BRDA:36,4,0,0
BRDA:36,4,1,0
BRDA:39,5,0,0
BRDA:39,5,1,0
BRDA:39,6,0,0
BRDA:39,6,1,0
BRDA:46,7,0,0
BRDA:46,7,1,0
BRDA:46,7,2,0
BRDA:46,7,3,0
BRDA:72,8,0,0
BRDA:72,8,1,0
BRDA:103,9,0,0
BRDA:103,9,1,0
BRF:19
BRH:0
end_of_record
